<?xml version="1.0" encoding="UTF-8"?>
<coverage generated="1597788021012" clover="3.2.0">
  <project timestamp="1597788021012" name="All files">
    <metrics statements="2" coveredstatements="0" conditionals="0" coveredconditionals="0" methods="0" coveredmethods="0" elements="2" coveredelements="0" complexity="0" loc="2" ncloc="2" packages="1" files="1" classes="1"/>
    <file name="index.vue" path="/home/stav/Work/Crypto/2sides/pages/index.vue">
      <metrics statements="2" coveredstatements="0" conditionals="0" coveredconditionals="0" methods="0" coveredmethods="0"/>
      <line num="88" count="0" type="stmt"/>
      <line num="89" count="0" type="stmt"/>
    </file>
  </project>
</coverage>
